c:\users\josem\documents\universidad de san carlos de guatemala\usac semestre v\usac estructura de datos\edd_1s2020_py1_201801237\edd_1s2020_py1_201801237\debug\vc142.pdb
c:\users\josem\documents\universidad de san carlos de guatemala\usac semestre v\usac estructura de datos\edd_1s2020_py1_201801237\edd_1s2020_py1_201801237\debug\vc142.idb
c:\users\josem\documents\universidad de san carlos de guatemala\usac semestre v\usac estructura de datos\edd_1s2020_py1_201801237\edd_1s2020_py1_201801237\debug\tableropuntuacion.obj
c:\users\josem\documents\universidad de san carlos de guatemala\usac semestre v\usac estructura de datos\edd_1s2020_py1_201801237\edd_1s2020_py1_201801237\debug\scrabblemd.obj
c:\users\josem\documents\universidad de san carlos de guatemala\usac semestre v\usac estructura de datos\edd_1s2020_py1_201801237\edd_1s2020_py1_201801237\debug\scrabble.obj
c:\users\josem\documents\universidad de san carlos de guatemala\usac semestre v\usac estructura de datos\edd_1s2020_py1_201801237\edd_1s2020_py1_201801237\debug\tableropuntuacionls.obj
c:\users\josem\documents\universidad de san carlos de guatemala\usac semestre v\usac estructura de datos\edd_1s2020_py1_201801237\edd_1s2020_py1_201801237\debug\menu.obj
c:\users\josem\documents\universidad de san carlos de guatemala\usac semestre v\usac estructura de datos\edd_1s2020_py1_201801237\edd_1s2020_py1_201801237\debug\lecturajson.obj
c:\users\josem\documents\universidad de san carlos de guatemala\usac semestre v\usac estructura de datos\edd_1s2020_py1_201801237\edd_1s2020_py1_201801237\debug\jugadorab.obj
c:\users\josem\documents\universidad de san carlos de guatemala\usac semestre v\usac estructura de datos\edd_1s2020_py1_201801237\edd_1s2020_py1_201801237\debug\jugador.obj
c:\users\josem\documents\universidad de san carlos de guatemala\usac semestre v\usac estructura de datos\edd_1s2020_py1_201801237\edd_1s2020_py1_201801237\debug\juego.obj
c:\users\josem\documents\universidad de san carlos de guatemala\usac semestre v\usac estructura de datos\edd_1s2020_py1_201801237\edd_1s2020_py1_201801237\debug\fichajugadorld.obj
c:\users\josem\documents\universidad de san carlos de guatemala\usac semestre v\usac estructura de datos\edd_1s2020_py1_201801237\edd_1s2020_py1_201801237\debug\fichajugador.obj
c:\users\josem\documents\universidad de san carlos de guatemala\usac semestre v\usac estructura de datos\edd_1s2020_py1_201801237\edd_1s2020_py1_201801237\debug\fichacola.obj
c:\users\josem\documents\universidad de san carlos de guatemala\usac semestre v\usac estructura de datos\edd_1s2020_py1_201801237\edd_1s2020_py1_201801237\debug\ficha.obj
c:\users\josem\documents\universidad de san carlos de guatemala\usac semestre v\usac estructura de datos\edd_1s2020_py1_201801237\edd_1s2020_py1_201801237\debug\edd_1s2020_py1_201801237.obj
c:\users\josem\documents\universidad de san carlos de guatemala\usac semestre v\usac estructura de datos\edd_1s2020_py1_201801237\edd_1s2020_py1_201801237\debug\diccionarioldc.obj
c:\users\josem\documents\universidad de san carlos de guatemala\usac semestre v\usac estructura de datos\edd_1s2020_py1_201801237\edd_1s2020_py1_201801237\debug\diccionario.obj
c:\users\josem\documents\universidad de san carlos de guatemala\usac semestre v\usac estructura de datos\edd_1s2020_py1_201801237\edd_1s2020_py1_201801237\debug\apartadold.obj
c:\users\josem\documents\universidad de san carlos de guatemala\usac semestre v\usac estructura de datos\edd_1s2020_py1_201801237\edd_1s2020_py1_201801237\debug\apartado.obj
c:\users\josem\documents\universidad de san carlos de guatemala\usac semestre v\usac estructura de datos\edd_1s2020_py1_201801237\edd_1s2020_py1_201801237\debug\validador.obj
c:\users\josem\documents\universidad de san carlos de guatemala\usac semestre v\usac estructura de datos\edd_1s2020_py1_201801237\edd_1s2020_py1_201801237\debug\edd_1s2020_py1_201801237.res
c:\users\josem\documents\universidad de san carlos de guatemala\usac semestre v\usac estructura de datos\edd_1s2020_py1_201801237\debug\edd_1s2020_py1_201801237.pdb
c:\users\josem\documents\universidad de san carlos de guatemala\usac semestre v\usac estructura de datos\edd_1s2020_py1_201801237\edd_1s2020_py1_201801237\debug\edd_1s20.63d27b96.tlog\cl.command.1.tlog
c:\users\josem\documents\universidad de san carlos de guatemala\usac semestre v\usac estructura de datos\edd_1s2020_py1_201801237\edd_1s2020_py1_201801237\debug\edd_1s20.63d27b96.tlog\cl.read.1.tlog
c:\users\josem\documents\universidad de san carlos de guatemala\usac semestre v\usac estructura de datos\edd_1s2020_py1_201801237\edd_1s2020_py1_201801237\debug\edd_1s20.63d27b96.tlog\cl.write.1.tlog
c:\users\josem\documents\universidad de san carlos de guatemala\usac semestre v\usac estructura de datos\edd_1s2020_py1_201801237\edd_1s2020_py1_201801237\debug\edd_1s20.63d27b96.tlog\link.30292-cvtres.read.1.tlog
c:\users\josem\documents\universidad de san carlos de guatemala\usac semestre v\usac estructura de datos\edd_1s2020_py1_201801237\edd_1s2020_py1_201801237\debug\edd_1s20.63d27b96.tlog\link.30292-cvtres.write.1.tlog
c:\users\josem\documents\universidad de san carlos de guatemala\usac semestre v\usac estructura de datos\edd_1s2020_py1_201801237\edd_1s2020_py1_201801237\debug\edd_1s20.63d27b96.tlog\link.30292-rc.read.1.tlog
c:\users\josem\documents\universidad de san carlos de guatemala\usac semestre v\usac estructura de datos\edd_1s2020_py1_201801237\edd_1s2020_py1_201801237\debug\edd_1s20.63d27b96.tlog\link.30292-rc.write.1.tlog
c:\users\josem\documents\universidad de san carlos de guatemala\usac semestre v\usac estructura de datos\edd_1s2020_py1_201801237\edd_1s2020_py1_201801237\debug\edd_1s20.63d27b96.tlog\link.30292.read.1.tlog
c:\users\josem\documents\universidad de san carlos de guatemala\usac semestre v\usac estructura de datos\edd_1s2020_py1_201801237\edd_1s2020_py1_201801237\debug\edd_1s20.63d27b96.tlog\link.30292.write.1.tlog
c:\users\josem\documents\universidad de san carlos de guatemala\usac semestre v\usac estructura de datos\edd_1s2020_py1_201801237\edd_1s2020_py1_201801237\debug\edd_1s20.63d27b96.tlog\link.command.1.tlog
c:\users\josem\documents\universidad de san carlos de guatemala\usac semestre v\usac estructura de datos\edd_1s2020_py1_201801237\edd_1s2020_py1_201801237\debug\edd_1s20.63d27b96.tlog\link.read.1.tlog
c:\users\josem\documents\universidad de san carlos de guatemala\usac semestre v\usac estructura de datos\edd_1s2020_py1_201801237\edd_1s2020_py1_201801237\debug\edd_1s20.63d27b96.tlog\link.write.1.tlog
c:\users\josem\documents\universidad de san carlos de guatemala\usac semestre v\usac estructura de datos\edd_1s2020_py1_201801237\edd_1s2020_py1_201801237\debug\edd_1s20.63d27b96.tlog\rc.command.1.tlog
c:\users\josem\documents\universidad de san carlos de guatemala\usac semestre v\usac estructura de datos\edd_1s2020_py1_201801237\edd_1s2020_py1_201801237\debug\edd_1s20.63d27b96.tlog\rc.read.1.tlog
c:\users\josem\documents\universidad de san carlos de guatemala\usac semestre v\usac estructura de datos\edd_1s2020_py1_201801237\edd_1s2020_py1_201801237\debug\edd_1s20.63d27b96.tlog\rc.write.1.tlog
