  Juego.cpp
C:\Users\josem\Documents\Universidad de San Carlos de Guatemala\USAC Semestre V\USAC Estructura de Datos\EDD_1S2020_PY1_201801237\EDD_1S2020_PY1_201801237\Menu.h(11,32): error C2061: error de sintaxis: identificador 'string'
C:\Users\josem\Documents\Universidad de San Carlos de Guatemala\USAC Semestre V\USAC Estructura de Datos\EDD_1S2020_PY1_201801237\EDD_1S2020_PY1_201801237\Menu.h(12,24): error C2039: 'string': no es un miembro de 'std'
C:\Users\josem\Documents\Universidad de San Carlos de Guatemala\USAC Semestre V\USAC Estructura de Datos\EDD_1S2020_PY1_201801237\EDD_1S2020_PY1_201801237\predefined C++ types (compiler internal)(367): message : vea la declaración de 'std'
C:\Users\josem\Documents\Universidad de San Carlos de Guatemala\USAC Semestre V\USAC Estructura de Datos\EDD_1S2020_PY1_201801237\EDD_1S2020_PY1_201801237\Menu.h(12,31): error C2061: error de sintaxis: identificador 'string'
C:\Users\josem\Documents\Universidad de San Carlos de Guatemala\USAC Semestre V\USAC Estructura de Datos\EDD_1S2020_PY1_201801237\EDD_1S2020_PY1_201801237\Menu.h(12,50): error C2535: 'void Menu::MenuJugador(void)': función miembro ya definida o declarada
C:\Users\josem\Documents\Universidad de San Carlos de Guatemala\USAC Semestre V\USAC Estructura de Datos\EDD_1S2020_PY1_201801237\EDD_1S2020_PY1_201801237\Menu.h(7): message : vea la declaración de 'Menu::MenuJugador'
  LecturaJSON.cpp
C:\Users\josem\Documents\Universidad de San Carlos de Guatemala\USAC Semestre V\USAC Estructura de Datos\EDD_1S2020_PY1_201801237\EDD_1S2020_PY1_201801237\Menu.h(11,32): error C2061: error de sintaxis: identificador 'string'
C:\Users\josem\Documents\Universidad de San Carlos de Guatemala\USAC Semestre V\USAC Estructura de Datos\EDD_1S2020_PY1_201801237\EDD_1S2020_PY1_201801237\Menu.h(12,24): error C2039: 'string': no es un miembro de 'std'
C:\Users\josem\Documents\Universidad de San Carlos de Guatemala\USAC Semestre V\USAC Estructura de Datos\EDD_1S2020_PY1_201801237\EDD_1S2020_PY1_201801237\predefined C++ types (compiler internal)(367): message : vea la declaración de 'std'
C:\Users\josem\Documents\Universidad de San Carlos de Guatemala\USAC Semestre V\USAC Estructura de Datos\EDD_1S2020_PY1_201801237\EDD_1S2020_PY1_201801237\Menu.h(12,31): error C2061: error de sintaxis: identificador 'string'
C:\Users\josem\Documents\Universidad de San Carlos de Guatemala\USAC Semestre V\USAC Estructura de Datos\EDD_1S2020_PY1_201801237\EDD_1S2020_PY1_201801237\Menu.h(12,50): error C2535: 'void Menu::MenuJugador(void)': función miembro ya definida o declarada
C:\Users\josem\Documents\Universidad de San Carlos de Guatemala\USAC Semestre V\USAC Estructura de Datos\EDD_1S2020_PY1_201801237\EDD_1S2020_PY1_201801237\Menu.h(7): message : vea la declaración de 'Menu::MenuJugador'
  Menu.cpp
C:\Users\josem\Documents\Universidad de San Carlos de Guatemala\USAC Semestre V\USAC Estructura de Datos\EDD_1S2020_PY1_201801237\EDD_1S2020_PY1_201801237\Menu.h(11,32): error C2061: error de sintaxis: identificador 'string'
C:\Users\josem\Documents\Universidad de San Carlos de Guatemala\USAC Semestre V\USAC Estructura de Datos\EDD_1S2020_PY1_201801237\EDD_1S2020_PY1_201801237\Menu.h(12,24): error C2039: 'string': no es un miembro de 'std'
C:\Users\josem\Documents\Universidad de San Carlos de Guatemala\USAC Semestre V\USAC Estructura de Datos\EDD_1S2020_PY1_201801237\EDD_1S2020_PY1_201801237\predefined C++ types (compiler internal)(367): message : vea la declaración de 'std'
C:\Users\josem\Documents\Universidad de San Carlos de Guatemala\USAC Semestre V\USAC Estructura de Datos\EDD_1S2020_PY1_201801237\EDD_1S2020_PY1_201801237\Menu.h(12,31): error C2061: error de sintaxis: identificador 'string'
C:\Users\josem\Documents\Universidad de San Carlos de Guatemala\USAC Semestre V\USAC Estructura de Datos\EDD_1S2020_PY1_201801237\EDD_1S2020_PY1_201801237\Menu.h(12,50): error C2535: 'void Menu::MenuJugador(void)': función miembro ya definida o declarada
C:\Users\josem\Documents\Universidad de San Carlos de Guatemala\USAC Semestre V\USAC Estructura de Datos\EDD_1S2020_PY1_201801237\EDD_1S2020_PY1_201801237\Menu.h(7): message : vea la declaración de 'Menu::MenuJugador'
C:\Users\josem\Documents\Universidad de San Carlos de Guatemala\USAC Semestre V\USAC Estructura de Datos\EDD_1S2020_PY1_201801237\EDD_1S2020_PY1_201801237\Menu.cpp(90,1): error C2511: 'void Menu::MenuJugadorPunteo(std::string,int,int)': la función miembro sobrecargada no se ha encontrado en 'Menu'
C:\Users\josem\Documents\Universidad de San Carlos de Guatemala\USAC Semestre V\USAC Estructura de Datos\EDD_1S2020_PY1_201801237\EDD_1S2020_PY1_201801237\Menu.h(2): message : vea la declaración de 'Menu'
C:\Users\josem\Documents\Universidad de San Carlos de Guatemala\USAC Semestre V\USAC Estructura de Datos\EDD_1S2020_PY1_201801237\EDD_1S2020_PY1_201801237\Menu.cpp(92,56): error C2511: 'void Menu::MenuJugador(std::string,int)': la función miembro sobrecargada no se ha encontrado en 'Menu'
C:\Users\josem\Documents\Universidad de San Carlos de Guatemala\USAC Semestre V\USAC Estructura de Datos\EDD_1S2020_PY1_201801237\EDD_1S2020_PY1_201801237\Menu.h(2): message : vea la declaración de 'Menu'
  Generando código...
